
============================================================
  MYSQL NATIVE-ECDSA BENCHMARK: 10,000 records, 10 runs
  (verify: node:crypto / OpenSSL secp256k1)
============================================================

Generated 10,000 records across 994 orders
Cross-library self-test: OK
Connected to MySQL.

Populating database...
Database populated: 10000 location records

Running 10 verification measurements (+2 warm-up)...

  Run  1:    3.067 s | Verified: 21986/21986 (100.0%)
  Run  2:    3.127 s | Verified: 21986/21986 (100.0%)
  Run  3:    3.106 s | Verified: 21986/21986 (100.0%)
  Run  4:    3.116 s | Verified: 21986/21986 (100.0%)
  Run  5:    3.040 s | Verified: 21986/21986 (100.0%)
  Run  6:    3.030 s | Verified: 21986/21986 (100.0%)
  Run  7:    3.031 s | Verified: 21986/21986 (100.0%)
  Run  8:    3.026 s | Verified: 21986/21986 (100.0%)
  Run  9:    3.032 s | Verified: 21986/21986 (100.0%)
  Run 10:    3.031 s | Verified: 21986/21986 (100.0%)

────────────────────────────────────────
  Mean:   3.061 s
  Median: 3.040 s
  StdDev: 0.040 s
────────────────────────────────────────
